sample.interval=20000
"readLines" "summaryRprof" "eval" "eval" "withVisible" "source" 
"readLines" "summaryRprof" "eval" "eval" "withVisible" "source" 
"readLines" "summaryRprof" "eval" "eval" "withVisible" "source" 
"readLines" "summaryRprof" "eval" "eval" "withVisible" "source" 
"readLines" "summaryRprof" "eval" "eval" "withVisible" "source" 
"strsplit" "summaryRprof" "eval" "eval" "withVisible" "source" 
"strsplit" "summaryRprof" "eval" "eval" "withVisible" "source" 
"strsplit" "summaryRprof" "eval" "eval" "withVisible" "source" 
"strsplit" "summaryRprof" "eval" "eval" "withVisible" "source" 
"strsplit" "summaryRprof" "eval" "eval" "withVisible" "source" 
"FUN" "lapply" "summaryRprof" "eval" "eval" "withVisible" "source" 
"unlist" "summaryRprof" "eval" "eval" "withVisible" "source" 
"readLines" "summaryRprof" "eval" "eval" "withVisible" "source" 
"readLines" "summaryRprof" "eval" "eval" "withVisible" "source" 
"readLines" "summaryRprof" "eval" "eval" "withVisible" "source" 
"strsplit" "summaryRprof" "eval" "eval" "withVisible" "source" 
"strsplit" "summaryRprof" "eval" "eval" "withVisible" "source" 
"strsplit" "summaryRprof" "eval" "eval" "withVisible" "source" 
"unique.default" "FUN" "lapply" "summaryRprof" "eval" "eval" "withVisible" "source" 
"unique.default" "unique" "factor" "table" "summaryRprof" "eval" "eval" "withVisible" "source" 
"readLines" "summaryRprof" "eval" "eval" "withVisible" "source" 
"strsplit" "summaryRprof" "eval" "eval" "withVisible" "source" 
"lapply" "sapply" "summaryRprof" "eval" "eval" "withVisible" "source" 
"data.frame" "summaryRprof" "eval" "eval" "withVisible" "source" 
"all" "match.arg" "sink" "capture.output" ".rs.getSignature" "doTryCatch" "tryCatchOne" "tryCatchList" "tryCatch" ".rs.valueAsString" "<Anonymous>" 
"lazyLoadDBfetch" "str" "doTryCatch" "tryCatchOne" "tryCatchList" "tryCatch" "try" "eval" "eval" "withVisible" "evalVis" "capture.output" "eval" "doTryCatch" "tryCatchOne" "tryCatchList" "tryCatch" ".rs.withTimeLimit" ".rs.valueFromStr" "doTryCatch" "tryCatchOne" "tryCatchList" "tryCatch" ".rs.valueContents" "<Anonymous>" 
"cat" "str.default" "str" "<Anonymous>" "do.call" "strSub" "str.default" "str" "<Anonymous>" "do.call" "strSub" "str.default" "str" "<Anonymous>" "do.call" "strSub" "str.default" "str" "<Anonymous>" "do.call" "strSub" "str.default" "str" "<Anonymous>" "do.call" "strSub" "str.default" "str" "doTryCatch" "tryCatchOne" "tryCatchList" "tryCatch" "try" "eval" "eval" "withVisible" "evalVis" "capture.output" "eval" "doTryCatch" "tryCatchOne" "tryCatchList" "tryCatch" ".rs.withTimeLimit" ".rs.valueFromStr" "doTryCatch" "tryCatchOne" "tryCatchList" "tryCatch" ".rs.valueContents" "<Anonymous>" 
"as.name" "FUN" "lapply" "do.call" "strSub" "str.default" "str" "<Anonymous>" "do.call" "strSub" "str.default" "str" "doTryCatch" "tryCatchOne" "tryCatchList" "tryCatch" "try" "eval" "eval" "withVisible" "evalVis" "capture.output" "eval" "doTryCatch" "tryCatchOne" "tryCatchList" "tryCatch" ".rs.withTimeLimit" ".rs.valueFromStr" "doTryCatch" "tryCatchOne" "tryCatchList" "tryCatch" ".rs.valueContents" "<Anonymous>" 
"eval" "FUN" "lapply" "strSub" "str.default" "str" "<Anonymous>" "do.call" "strSub" "str.default" "str" "<Anonymous>" "do.call" "strSub" "str.default" "str" "<Anonymous>" "do.call" "strSub" "str.default" "str" "<Anonymous>" "do.call" "strSub" "str.default" "str" "doTryCatch" "tryCatchOne" "tryCatchList" "tryCatch" "try" "eval" "eval" "withVisible" "evalVis" "capture.output" "eval" "doTryCatch" "tryCatchOne" "tryCatchList" "tryCatch" ".rs.withTimeLimit" ".rs.valueFromStr" "doTryCatch" "tryCatchOne" "tryCatchList" "tryCatch" ".rs.valueContents" "<Anonymous>" 
"lapply" "strSub" "str.default" "str" "<Anonymous>" "do.call" "strSub" "str.default" "str" "<Anonymous>" "do.call" "strSub" "str.default" "str" "<Anonymous>" "do.call" "strSub" "str.default" "str" "<Anonymous>" "do.call" "strSub" "str.default" "str" "<Anonymous>" "do.call" "strSub" "str.default" "str" "<Anonymous>" "do.call" "strSub" "str.default" "str" "<Anonymous>" "do.call" "strSub" "str.default" "str" "<Anonymous>" "do.call" "strSub" "str.default" "str" "<Anonymous>" "do.call" "strSub" "str.default" "str" "<Anonymous>" "do.call" "strSub" "str.default" "str" "doTryCatch" "tryCatchOne" "tryCatchList" "tryCatch" "try" "eval" "eval" "withVisible" "evalVis" "capture.output" "eval" "doTryCatch" "tryCatchOne" "tryCatchList" "tryCatch" ".rs.withTimeLimit" ".rs.valueFromStr" "doTryCatch" "tryCatchOne" "tryCatchList" "tryCatch" ".rs.valueContents" "<Anonymous>" 
"do.call" "strSub" "str.default" "str" "<Anonymous>" "do.call" "strSub" "str.default" "str" "<Anonymous>" "do.call" "strSub" "str.default" "str" "<Anonymous>" "do.call" "strSub" "str.default" "str" "<Anonymous>" "do.call" "strSub" "str.default" "str" "<Anonymous>" "do.call" "strSub" "str.default" "str" "<Anonymous>" "do.call" "strSub" "str.default" "str" "<Anonymous>" "do.call" "strSub" "str.default" "str" "<Anonymous>" "do.call" "strSub" "str.default" "str" "<Anonymous>" "do.call" "strSub" "str.default" "str" "doTryCatch" "tryCatchOne" "tryCatchList" "tryCatch" "try" "eval" "eval" "withVisible" "evalVis" "capture.output" "eval" "doTryCatch" "tryCatchOne" "tryCatchList" "tryCatch" ".rs.withTimeLimit" ".rs.valueFromStr" "doTryCatch" "tryCatchOne" "tryCatchList" "tryCatch" ".rs.valueContents" "<Anonymous>" 
"match" "%in%" "str.default" "str" "<Anonymous>" "do.call" "strSub" "str.default" "str" "<Anonymous>" "do.call" "strSub" "str.default" "str" "<Anonymous>" "do.call" "strSub" "str.default" "str" "<Anonymous>" "do.call" "strSub" "str.default" "str" "<Anonymous>" "do.call" "strSub" "str.default" "str" "<Anonymous>" "do.call" "strSub" "str.default" "str" "<Anonymous>" "do.call" "strSub" "str.default" "str" "<Anonymous>" "do.call" "strSub" "str.default" "str" "doTryCatch" "tryCatchOne" "tryCatchList" "tryCatch" "try" "eval" "eval" "withVisible" "evalVis" "capture.output" "eval" "doTryCatch" "tryCatchOne" "tryCatchList" "tryCatch" ".rs.withTimeLimit" ".rs.valueFromStr" "doTryCatch" "tryCatchOne" "tryCatchList" "tryCatch" ".rs.valueContents" "<Anonymous>" 
"sys.parent" "sys.call" "match.call" "match" "%w/o%" "strSub" "str.default" "str" "doTryCatch" "tryCatchOne" "tryCatchList" "tryCatch" "try" "eval" "eval" "withVisible" "evalVis" "capture.output" "eval" "doTryCatch" "tryCatchOne" "tryCatchList" "tryCatch" ".rs.withTimeLimit" ".rs.valueFromStr" "doTryCatch" "tryCatchOne" "tryCatchList" "tryCatch" ".rs.valueContents" "<Anonymous>" 
"file" "summaryRprof" 
"readLines" "summaryRprof" 
"readLines" "summaryRprof" 
"readLines" "summaryRprof" 
"strsplit" "summaryRprof" 
"strsplit" "summaryRprof" 
"strsplit" "summaryRprof" 
"strsplit" "summaryRprof" 
"strsplit" "summaryRprof" 
"lapply" "sapply" "summaryRprof" 
"FUN" "lapply" "summaryRprof" 
"readLines" "summaryRprof" 
"readLines" "summaryRprof" 
"readLines" "summaryRprof" 
"strsplit" "summaryRprof" 
"strsplit" "summaryRprof" 
"strsplit" "summaryRprof" 
"lapply" "sapply" "summaryRprof" 
"unique.default" "FUN" "lapply" "summaryRprof" 
"table" "summaryRprof" 
"readLines" "summaryRprof" 
"strsplit" "summaryRprof" 
"is.factor" "unique.default" "FUN" "lapply" "summaryRprof" 
"print.default" "print" "print.data.frame" "print" 
"parse" "doTryCatch" "tryCatchOne" "tryCatchList" "tryCatch" "<Anonymous>" 
"ls" "FUN" "lapply" ".rs.objectsOnSearchPath" ".rs.getCompletionsSearchPath" "Reduce" "<Anonymous>" 
".Call" ".rs.getNAMESPACEImportedSymbols" ".rs.getCompletionsNAMESPACE" "Reduce" "<Anonymous>" 
"normalizePath" "setNamespaceInfo" "makeNamespace" "loadNamespace" "asNamespace" "namespaceImportFrom" "loadNamespace" "doTryCatch" "tryCatchOne" "tryCatchList" "tryCatch" "requireNamespace" "withCallingHandlers" "suppressPackageStartupMessages" "doTryCatch" "tryCatchOne" "tryCatchList" "tryCatch" ".rs.getCompletionsNamespace" "<Anonymous>" 
"length" "ifelse" "structure" ".encode_numeric_version" "split" "Ops.numeric_version" ">=" "do.call" "loadNamespace" "namespaceImport" "loadNamespace" "namespaceImport" "loadNamespace" "asNamespace" "namespaceImportFrom" "loadNamespace" "doTryCatch" "tryCatchOne" "tryCatchList" "tryCatch" "requireNamespace" "withCallingHandlers" "suppressPackageStartupMessages" "doTryCatch" "tryCatchOne" "tryCatchList" "tryCatch" ".rs.getCompletionsNamespace" "<Anonymous>" 
"dyn.load" "library.dynam" "loadNamespace" "namespaceImport" "loadNamespace" "namespaceImport" "loadNamespace" "namespaceImport" "loadNamespace" "asNamespace" "namespaceImportFrom" "loadNamespace" "doTryCatch" "tryCatchOne" "tryCatchList" "tryCatch" "requireNamespace" "withCallingHandlers" "suppressPackageStartupMessages" "doTryCatch" "tryCatchOne" "tryCatchList" "tryCatch" ".rs.getCompletionsNamespace" "<Anonymous>" 
"readRDS" "FUN" "lapply" "find.package" "loadNamespace" "namespaceImport" "loadNamespace" "asNamespace" "namespaceImportFrom" "loadNamespace" "namespaceImport" "loadNamespace" "namespaceImport" "loadNamespace" "asNamespace" "namespaceImportFrom" "loadNamespace" "doTryCatch" "tryCatchOne" "tryCatchList" "tryCatch" "requireNamespace" "withCallingHandlers" "suppressPackageStartupMessages" "doTryCatch" "tryCatchOne" "tryCatchList" "tryCatch" ".rs.getCompletionsNamespace" "<Anonymous>" 
"lazyLoadDBfetch" "<Anonymous>" "lazyLoadDBfetch" ".updateMethodsInTable" "methods::cacheMetaData" "loadNamespace" "namespaceImport" "loadNamespace" "asNamespace" "namespaceImportFrom" "loadNamespace" "namespaceImport" "loadNamespace" "namespaceImport" "loadNamespace" "asNamespace" "namespaceImportFrom" "loadNamespace" "doTryCatch" "tryCatchOne" "tryCatchList" "tryCatch" "requireNamespace" "withCallingHandlers" "suppressPackageStartupMessages" "doTryCatch" "tryCatchOne" "tryCatchList" "tryCatch" ".rs.getCompletionsNamespace" "<Anonymous>" 
"parse" "sys.source" "doTryCatch" "tryCatchOne" "tryCatchList" "tryCatch" "try" "loadNamespace" "asNamespace" "namespaceImportFrom" "loadNamespace" "namespaceImport" "loadNamespace" "namespaceImport" "loadNamespace" "asNamespace" "namespaceImportFrom" "loadNamespace" "doTryCatch" "tryCatchOne" "tryCatchList" "tryCatch" "requireNamespace" "withCallingHandlers" "suppressPackageStartupMessages" "doTryCatch" "tryCatchOne" "tryCatchList" "tryCatch" ".rs.getCompletionsNamespace" "<Anonymous>" 
"file.exists" "loadNamespace" "namespaceImport" "loadNamespace" "namespaceImport" "loadNamespace" "asNamespace" "namespaceImportFrom" "loadNamespace" "doTryCatch" "tryCatchOne" "tryCatchList" "tryCatch" "requireNamespace" "withCallingHandlers" "suppressPackageStartupMessages" "doTryCatch" "tryCatchOne" "tryCatchList" "tryCatch" ".rs.getCompletionsNamespace" "<Anonymous>" 
"delayedAssign" "assignWrapped" ".registerS3method" "registerS3methods" "loadNamespace" "namespaceImport" "loadNamespace" "asNamespace" "namespaceImportFrom" "loadNamespace" "namespaceImport" "loadNamespace" "namespaceImport" "loadNamespace" "asNamespace" "namespaceImportFrom" "loadNamespace" "doTryCatch" "tryCatchOne" "tryCatchList" "tryCatch" "requireNamespace" "withCallingHandlers" "suppressPackageStartupMessages" "doTryCatch" "tryCatchOne" "tryCatchList" "tryCatch" ".rs.getCompletionsNamespace" "<Anonymous>" 
".Call" "fun" "doTryCatch" "tryCatchOne" "tryCatchList" "tryCatch" "try" "runUserHook" "loadNamespace" "namespaceImport" "loadNamespace" "asNamespace" "namespaceImportFrom" "loadNamespace" "namespaceImport" "loadNamespace" "namespaceImport" "loadNamespace" "asNamespace" "namespaceImportFrom" "loadNamespace" "doTryCatch" "tryCatchOne" "tryCatchList" "tryCatch" "requireNamespace" "withCallingHandlers" "suppressPackageStartupMessages" "doTryCatch" "tryCatchOne" "tryCatchList" "tryCatch" ".rs.getCompletionsNamespace" "<Anonymous>" 
".Call" "fun" "doTryCatch" "tryCatchOne" "tryCatchList" "tryCatch" "try" "runUserHook" "loadNamespace" "namespaceImport" "loadNamespace" "asNamespace" "namespaceImportFrom" "loadNamespace" "asNamespace" "namespaceImportFrom" "loadNamespace" "namespaceImport" "loadNamespace" "namespaceImport" "loadNamespace" "asNamespace" "namespaceImportFrom" "loadNamespace" "doTryCatch" "tryCatchOne" "tryCatchList" "tryCatch" "requireNamespace" "withCallingHandlers" "suppressPackageStartupMessages" "doTryCatch" "tryCatchOne" "tryCatchList" "tryCatch" ".rs.getCompletionsNamespace" "<Anonymous>" 
".resetInheritedMethods" ".updateMethodsInTable" ".updateMethodsInTable" ".updateMethodsInTable" "methods::cacheMetaData" "loadNamespace" "asNamespace" "namespaceImportFrom" "loadNamespace" "asNamespace" "namespaceImportFrom" "loadNamespace" "namespaceImport" "loadNamespace" "namespaceImport" "loadNamespace" "asNamespace" "namespaceImportFrom" "loadNamespace" "doTryCatch" "tryCatchOne" "tryCatchList" "tryCatch" "requireNamespace" "withCallingHandlers" "suppressPackageStartupMessages" "doTryCatch" "tryCatchOne" "tryCatchList" "tryCatch" ".rs.getCompletionsNamespace" "<Anonymous>" 
".resetInheritedMethods" ".updateMethodsInTable" ".updateMethodsInTable" ".updateMethodsInTable" "methods::cacheMetaData" "loadNamespace" "asNamespace" "namespaceImportFrom" "loadNamespace" "asNamespace" "namespaceImportFrom" "loadNamespace" "namespaceImport" "loadNamespace" "namespaceImport" "loadNamespace" "asNamespace" "namespaceImportFrom" "loadNamespace" "doTryCatch" "tryCatchOne" "tryCatchList" "tryCatch" "requireNamespace" "withCallingHandlers" "suppressPackageStartupMessages" "doTryCatch" "tryCatchOne" "tryCatchList" "tryCatch" ".rs.getCompletionsNamespace" "<Anonymous>" 
"fun" "lazyLoadDBexec" "lazyLoad" "eval" "eval" "eval" "eval" "eval.parent" "local" "eval" "eval" "sys.source" "doTryCatch" "tryCatchOne" "tryCatchList" "tryCatch" "try" "loadNamespace" "asNamespace" "namespaceImportFrom" "loadNamespace" "namespaceImport" "loadNamespace" "namespaceImport" "loadNamespace" "asNamespace" "namespaceImportFrom" "loadNamespace" "doTryCatch" "tryCatchOne" "tryCatchList" "tryCatch" "requireNamespace" "withCallingHandlers" "suppressPackageStartupMessages" "doTryCatch" "tryCatchOne" "tryCatchList" "tryCatch" ".rs.getCompletionsNamespace" "<Anonymous>" 
"normalizePath" "setNamespaceInfo" "makeNamespace" "loadNamespace" "asNamespace" "namespaceImportFrom" "loadNamespace" "namespaceImport" "loadNamespace" "namespaceImport" "loadNamespace" "asNamespace" "namespaceImportFrom" "loadNamespace" "doTryCatch" "tryCatchOne" "tryCatchList" "tryCatch" "requireNamespace" "withCallingHandlers" "suppressPackageStartupMessages" "doTryCatch" "tryCatchOne" "tryCatchList" "tryCatch" ".rs.getCompletionsNamespace" "<Anonymous>" 
"lazyLoadDBfetch" "get0" "getPackageName" "methods::cacheMetaData" "loadNamespace" "namespaceImport" "loadNamespace" "asNamespace" "namespaceImportFrom" "loadNamespace" "namespaceImport" "loadNamespace" "asNamespace" "namespaceImportFrom" "loadNamespace" "doTryCatch" "tryCatchOne" "tryCatchList" "tryCatch" "requireNamespace" "withCallingHandlers" "suppressPackageStartupMessages" "doTryCatch" "tryCatchOne" "tryCatchList" "tryCatch" ".rs.getCompletionsNamespace" "<Anonymous>" 
"lazyLoadDBfetch" "<Anonymous>" "lazyLoadDBfetch" "<Anonymous>" "lazyLoadDBfetch" "<Anonymous>" "lazyLoadDBfetch" "<Anonymous>" "lazyLoadDBfetch" ".updateMethodsInTable" "methods::cacheMetaData" "loadNamespace" "namespaceImport" "loadNamespace" "asNamespace" "namespaceImportFrom" "loadNamespace" "namespaceImport" "loadNamespace" "asNamespace" "namespaceImportFrom" "loadNamespace" "doTryCatch" "tryCatchOne" "tryCatchList" "tryCatch" "requireNamespace" "withCallingHandlers" "suppressPackageStartupMessages" "doTryCatch" "tryCatchOne" "tryCatchList" "tryCatch" ".rs.getCompletionsNamespace" "<Anonymous>" 
"is" "getGeneric" ".recMembers" "Recall" ".recMembers" "getGroupMembers" ".checkGroupSigLength" "Recall" ".checkGroupSigLength" ".updateMethodsInTable" ".updateMethodsInTable" ".updateMethodsInTable" "methods::cacheMetaData" "loadNamespace" "namespaceImport" "loadNamespace" "asNamespace" "namespaceImportFrom" "loadNamespace" "namespaceImport" "loadNamespace" "asNamespace" "namespaceImportFrom" "loadNamespace" "doTryCatch" "tryCatchOne" "tryCatchList" "tryCatch" "requireNamespace" "withCallingHandlers" "suppressPackageStartupMessages" "doTryCatch" "tryCatchOne" "tryCatchList" "tryCatch" ".rs.getCompletionsNamespace" "<Anonymous>" 
"is" ".checkGroupSigLength" "Recall" ".checkGroupSigLength" ".updateMethodsInTable" ".updateMethodsInTable" ".updateMethodsInTable" "methods::cacheMetaData" "loadNamespace" "namespaceImport" "loadNamespace" "asNamespace" "namespaceImportFrom" "loadNamespace" "namespaceImport" "loadNamespace" "asNamespace" "namespaceImportFrom" "loadNamespace" "doTryCatch" "tryCatchOne" "tryCatchList" "tryCatch" "requireNamespace" "withCallingHandlers" "suppressPackageStartupMessages" "doTryCatch" "tryCatchOne" "tryCatchList" "tryCatch" ".rs.getCompletionsNamespace" "<Anonymous>" 
"file.exists" "sys.source" "doTryCatch" "tryCatchOne" "tryCatchList" "tryCatch" "try" "loadNamespace" "asNamespace" "namespaceImportFrom" "loadNamespace" "asNamespace" "namespaceImportFrom" "loadNamespace" "namespaceImport" "loadNamespace" "asNamespace" "namespaceImportFrom" "loadNamespace" "doTryCatch" "tryCatchOne" "tryCatchList" "tryCatch" "requireNamespace" "withCallingHandlers" "suppressPackageStartupMessages" "doTryCatch" "tryCatchOne" "tryCatchList" "tryCatch" ".rs.getCompletionsNamespace" "<Anonymous>" 
"lazyLoadDBfetch" "get" "registerS3methods" "loadNamespace" "asNamespace" "namespaceImportFrom" "loadNamespace" "namespaceImport" "loadNamespace" "asNamespace" "namespaceImportFrom" "loadNamespace" "doTryCatch" "tryCatchOne" "tryCatchList" "tryCatch" "requireNamespace" "withCallingHandlers" "suppressPackageStartupMessages" "doTryCatch" "tryCatchOne" "tryCatchList" "tryCatch" ".rs.getCompletionsNamespace" "<Anonymous>" 
"get" ".getGenericFromCacheTable" ".getGenericFromCache" ".getGeneric" "getGeneric" ".updateMethodsInTable" ".updateMethodsInTable" ".updateMethodsInTable" "methods::cacheMetaData" "loadNamespace" "asNamespace" "namespaceImportFrom" "loadNamespace" "namespaceImport" "loadNamespace" "asNamespace" "namespaceImportFrom" "loadNamespace" "doTryCatch" "tryCatchOne" "tryCatchList" "tryCatch" "requireNamespace" "withCallingHandlers" "suppressPackageStartupMessages" "doTryCatch" "tryCatchOne" "tryCatchList" "tryCatch" ".rs.getCompletionsNamespace" "<Anonymous>" 
".recMembers" "Recall" ".recMembers" "getGroupMembers" ".checkGroupSigLength" "Recall" ".checkGroupSigLength" ".updateMethodsInTable" ".updateMethodsInTable" ".updateMethodsInTable" "methods::cacheMetaData" "loadNamespace" "asNamespace" "namespaceImportFrom" "loadNamespace" "namespaceImport" "loadNamespace" "asNamespace" "namespaceImportFrom" "loadNamespace" "doTryCatch" "tryCatchOne" "tryCatchList" "tryCatch" "requireNamespace" "withCallingHandlers" "suppressPackageStartupMessages" "doTryCatch" "tryCatchOne" "tryCatchList" "tryCatch" ".rs.getCompletionsNamespace" "<Anonymous>" 
"ifelse" "structure" ".encode_numeric_version" "split" "Ops.numeric_version" ">=" "do.call" "loadNamespace" "asNamespace" "namespaceImportFrom" "loadNamespace" "namespaceImport" "loadNamespace" "asNamespace" "namespaceImportFrom" "loadNamespace" "doTryCatch" "tryCatchOne" "tryCatchList" "tryCatch" "requireNamespace" "withCallingHandlers" "suppressPackageStartupMessages" "doTryCatch" "tryCatchOne" "tryCatchList" "tryCatch" ".rs.getCompletionsNamespace" "<Anonymous>" 
"isNamespace" "asNamespace" "getExportedValue" "::" "registerS3methods" "loadNamespace" "asNamespace" "namespaceImportFrom" "loadNamespace" "namespaceImport" "loadNamespace" "asNamespace" "namespaceImportFrom" "loadNamespace" "doTryCatch" "tryCatchOne" "tryCatchList" "tryCatch" "requireNamespace" "withCallingHandlers" "suppressPackageStartupMessages" "doTryCatch" "tryCatchOne" "tryCatchList" "tryCatch" ".rs.getCompletionsNamespace" "<Anonymous>" 
"gettext" "namespaceImportFrom" "loadNamespace" "namespaceImport" "loadNamespace" "asNamespace" "namespaceImportFrom" "loadNamespace" "doTryCatch" "tryCatchOne" "tryCatchList" "tryCatch" "requireNamespace" "withCallingHandlers" "suppressPackageStartupMessages" "doTryCatch" "tryCatchOne" "tryCatchList" "tryCatch" ".rs.getCompletionsNamespace" "<Anonymous>" 
"dyn.load" "library.dynam" "loadNamespace" "asNamespace" "namespaceImportFrom" "loadNamespace" "namespaceImport" "loadNamespace" "asNamespace" "namespaceImportFrom" "loadNamespace" "doTryCatch" "tryCatchOne" "tryCatchList" "tryCatch" "requireNamespace" "withCallingHandlers" "suppressPackageStartupMessages" "doTryCatch" "tryCatchOne" "tryCatchList" "tryCatch" ".rs.getCompletionsNamespace" "<Anonymous>" 
"file.exists" "loadNamespace" "namespaceImport" "loadNamespace" "asNamespace" "namespaceImportFrom" "loadNamespace" "namespaceImport" "loadNamespace" "asNamespace" "namespaceImportFrom" "loadNamespace" "doTryCatch" "tryCatchOne" "tryCatchList" "tryCatch" "requireNamespace" "withCallingHandlers" "suppressPackageStartupMessages" "doTryCatch" "tryCatchOne" "tryCatchList" "tryCatch" ".rs.getCompletionsNamespace" "<Anonymous>" 
"as.list" "list2env" ".resetInheritedMethods" ".updateMethodsInTable" "methods::cacheMetaData" "loadNamespace" "namespaceImport" "loadNamespace" "asNamespace" "namespaceImportFrom" "loadNamespace" "namespaceImport" "loadNamespace" "asNamespace" "namespaceImportFrom" "loadNamespace" "doTryCatch" "tryCatchOne" "tryCatchList" "tryCatch" "requireNamespace" "withCallingHandlers" "suppressPackageStartupMessages" "doTryCatch" "tryCatchOne" "tryCatchList" "tryCatch" ".rs.getCompletionsNamespace" "<Anonymous>" 
"lazyLoadDBfetch" ".getGeneric" "getGeneric" "methods::cacheMetaData" "loadNamespace" "namespaceImport" "loadNamespace" "asNamespace" "namespaceImportFrom" "loadNamespace" "namespaceImport" "loadNamespace" "asNamespace" "namespaceImportFrom" "loadNamespace" "doTryCatch" "tryCatchOne" "tryCatchList" "tryCatch" "requireNamespace" "withCallingHandlers" "suppressPackageStartupMessages" "doTryCatch" "tryCatchOne" "tryCatchList" "tryCatch" ".rs.getCompletionsNamespace" "<Anonymous>" 
"lazyLoadDBfetch" "<Anonymous>" "lazyLoadDBfetch" "<Anonymous>" "lazyLoadDBfetch" ".getGeneric" "getGeneric" "methods::cacheMetaData" "loadNamespace" "namespaceImport" "loadNamespace" "asNamespace" "namespaceImportFrom" "loadNamespace" "namespaceImport" "loadNamespace" "asNamespace" "namespaceImportFrom" "loadNamespace" "doTryCatch" "tryCatchOne" "tryCatchList" "tryCatch" "requireNamespace" "withCallingHandlers" "suppressPackageStartupMessages" "doTryCatch" "tryCatchOne" "tryCatchList" "tryCatch" ".rs.getCompletionsNamespace" "<Anonymous>" 
"lazyLoadDBfetch" "<Anonymous>" "lazyLoadDBfetch" "<Anonymous>" "lazyLoadDBfetch" ".getGeneric" "getGeneric" "methods::cacheMetaData" "loadNamespace" "namespaceImport" "loadNamespace" "asNamespace" "namespaceImportFrom" "loadNamespace" "namespaceImport" "loadNamespace" "asNamespace" "namespaceImportFrom" "loadNamespace" "doTryCatch" "tryCatchOne" "tryCatchList" "tryCatch" "requireNamespace" "withCallingHandlers" "suppressPackageStartupMessages" "doTryCatch" "tryCatchOne" "tryCatchList" "tryCatch" ".rs.getCompletionsNamespace" "<Anonymous>" 
"lazyLoadDBfetch" "<Anonymous>" "lazyLoadDBfetch" "<Anonymous>" "lazyLoadDBfetch" ".getGeneric" "getGeneric" "methods::cacheMetaData" "loadNamespace" "namespaceImport" "loadNamespace" "asNamespace" "namespaceImportFrom" "loadNamespace" "namespaceImport" "loadNamespace" "asNamespace" "namespaceImportFrom" "loadNamespace" "doTryCatch" "tryCatchOne" "tryCatchList" "tryCatch" "requireNamespace" "withCallingHandlers" "suppressPackageStartupMessages" "doTryCatch" "tryCatchOne" "tryCatchList" "tryCatch" ".rs.getCompletionsNamespace" "<Anonymous>" 
"lazyLoadDBfetch" "<Anonymous>" "lazyLoadDBfetch" "<Anonymous>" "lazyLoadDBfetch" ".getGeneric" "getGeneric" "methods::cacheMetaData" "loadNamespace" "namespaceImport" "loadNamespace" "asNamespace" "namespaceImportFrom" "loadNamespace" "namespaceImport" "loadNamespace" "asNamespace" "namespaceImportFrom" "loadNamespace" "doTryCatch" "tryCatchOne" "tryCatchList" "tryCatch" "requireNamespace" "withCallingHandlers" "suppressPackageStartupMessages" "doTryCatch" "tryCatchOne" "tryCatchList" "tryCatch" ".rs.getCompletionsNamespace" "<Anonymous>" 
"lazyLoadDBfetch" "<Anonymous>" "lazyLoadDBfetch" "<Anonymous>" "lazyLoadDBfetch" ".getGeneric" "getGeneric" "methods::cacheMetaData" "loadNamespace" "namespaceImport" "loadNamespace" "asNamespace" "namespaceImportFrom" "loadNamespace" "namespaceImport" "loadNamespace" "asNamespace" "namespaceImportFrom" "loadNamespace" "doTryCatch" "tryCatchOne" "tryCatchList" "tryCatch" "requireNamespace" "withCallingHandlers" "suppressPackageStartupMessages" "doTryCatch" "tryCatchOne" "tryCatchList" "tryCatch" ".rs.getCompletionsNamespace" "<Anonymous>" 
"lazyLoadDBfetch" "<Anonymous>" "lazyLoadDBfetch" "<Anonymous>" "lazyLoadDBfetch" ".getGeneric" "getGeneric" "methods::cacheMetaData" "loadNamespace" "namespaceImport" "loadNamespace" "asNamespace" "namespaceImportFrom" "loadNamespace" "namespaceImport" "loadNamespace" "asNamespace" "namespaceImportFrom" "loadNamespace" "doTryCatch" "tryCatchOne" "tryCatchList" "tryCatch" "requireNamespace" "withCallingHandlers" "suppressPackageStartupMessages" "doTryCatch" "tryCatchOne" "tryCatchList" "tryCatch" ".rs.getCompletionsNamespace" "<Anonymous>" 
"existsInFrame" "<Anonymous>" "lazyLoadDBfetch" "<Anonymous>" "lazyLoadDBfetch" ".getGeneric" "getGeneric" "methods::cacheMetaData" "loadNamespace" "namespaceImport" "loadNamespace" "asNamespace" "namespaceImportFrom" "loadNamespace" "namespaceImport" "loadNamespace" "asNamespace" "namespaceImportFrom" "loadNamespace" "doTryCatch" "tryCatchOne" "tryCatchList" "tryCatch" "requireNamespace" "withCallingHandlers" "suppressPackageStartupMessages" "doTryCatch" "tryCatchOne" "tryCatchList" "tryCatch" ".rs.getCompletionsNamespace" "<Anonymous>" 
"existsInFrame" "<Anonymous>" "lazyLoadDBfetch" "<Anonymous>" "lazyLoadDBfetch" ".getGeneric" "getGeneric" "methods::cacheMetaData" "loadNamespace" "namespaceImport" "loadNamespace" "asNamespace" "namespaceImportFrom" "loadNamespace" "namespaceImport" "loadNamespace" "asNamespace" "namespaceImportFrom" "loadNamespace" "doTryCatch" "tryCatchOne" "tryCatchList" "tryCatch" "requireNamespace" "withCallingHandlers" "suppressPackageStartupMessages" "doTryCatch" "tryCatchOne" "tryCatchList" "tryCatch" ".rs.getCompletionsNamespace" "<Anonymous>" 
"existsInFrame" "<Anonymous>" "lazyLoadDBfetch" "<Anonymous>" "lazyLoadDBfetch" ".getGeneric" "getGeneric" "methods::cacheMetaData" "loadNamespace" "namespaceImport" "loadNamespace" "asNamespace" "namespaceImportFrom" "loadNamespace" "namespaceImport" "loadNamespace" "asNamespace" "namespaceImportFrom" "loadNamespace" "doTryCatch" "tryCatchOne" "tryCatchList" "tryCatch" "requireNamespace" "withCallingHandlers" "suppressPackageStartupMessages" "doTryCatch" "tryCatchOne" "tryCatchList" "tryCatch" ".rs.getCompletionsNamespace" "<Anonymous>" 
"is" ".checkGroupSigLength" ".updateMethodsInTable" ".updateMethodsInTable" "methods::cacheMetaData" "loadNamespace" "namespaceImport" "loadNamespace" "asNamespace" "namespaceImportFrom" "loadNamespace" "namespaceImport" "loadNamespace" "asNamespace" "namespaceImportFrom" "loadNamespace" "doTryCatch" "tryCatchOne" "tryCatchList" "tryCatch" "requireNamespace" "withCallingHandlers" "suppressPackageStartupMessages" "doTryCatch" "tryCatchOne" "tryCatchList" "tryCatch" ".rs.getCompletionsNamespace" "<Anonymous>" 
"possibleExtends" "is" ".recMembers" "Recall" ".recMembers" "getGroupMembers" ".checkGroupSigLength" "Recall" ".checkGroupSigLength" ".updateMethodsInTable" ".updateMethodsInTable" "methods::cacheMetaData" "loadNamespace" "namespaceImport" "loadNamespace" "asNamespace" "namespaceImportFrom" "loadNamespace" "namespaceImport" "loadNamespace" "asNamespace" "namespaceImportFrom" "loadNamespace" "doTryCatch" "tryCatchOne" "tryCatchList" "tryCatch" "requireNamespace" "withCallingHandlers" "suppressPackageStartupMessages" "doTryCatch" "tryCatchOne" "tryCatchList" "tryCatch" ".rs.getCompletionsNamespace" "<Anonymous>" 
"gzfile" "readRDS" "loadNamespace" "namespaceImport" "loadNamespace" "asNamespace" "namespaceImportFrom" "loadNamespace" "namespaceImport" "loadNamespace" "asNamespace" "namespaceImportFrom" "loadNamespace" "doTryCatch" "tryCatchOne" "tryCatchList" "tryCatch" "requireNamespace" "withCallingHandlers" "suppressPackageStartupMessages" "doTryCatch" "tryCatchOne" "tryCatchList" "tryCatch" ".rs.getCompletionsNamespace" "<Anonymous>" 
"lazyLoadDBfetch" "<Anonymous>" "lazyLoadDBfetch" "get" "methods::cacheMetaData" "loadNamespace" "namespaceImport" "loadNamespace" "asNamespace" "namespaceImportFrom" "loadNamespace" "namespaceImport" "loadNamespace" "asNamespace" "namespaceImportFrom" "loadNamespace" "doTryCatch" "tryCatchOne" "tryCatchList" "tryCatch" "requireNamespace" "withCallingHandlers" "suppressPackageStartupMessages" "doTryCatch" "tryCatchOne" "tryCatchList" "tryCatch" ".rs.getCompletionsNamespace" "<Anonymous>" 
"methods::getFunction" "FUN" "vapply" "loadNamespace" "namespaceImport" "loadNamespace" "asNamespace" "namespaceImportFrom" "loadNamespace" "namespaceImport" "loadNamespace" "asNamespace" "namespaceImportFrom" "loadNamespace" "doTryCatch" "tryCatchOne" "tryCatchList" "tryCatch" "requireNamespace" "withCallingHandlers" "suppressPackageStartupMessages" "doTryCatch" "tryCatchOne" "tryCatchList" "tryCatch" ".rs.getCompletionsNamespace" "<Anonymous>" 
"parse" "sys.source" "doTryCatch" "tryCatchOne" "tryCatchList" "tryCatch" "try" "loadNamespace" "asNamespace" "namespaceImportFrom" "loadNamespace" "namespaceImport" "loadNamespace" "asNamespace" "namespaceImportFrom" "loadNamespace" "doTryCatch" "tryCatchOne" "tryCatchList" "tryCatch" "requireNamespace" "withCallingHandlers" "suppressPackageStartupMessages" "doTryCatch" "tryCatchOne" "tryCatchList" "tryCatch" ".rs.getCompletionsNamespace" "<Anonymous>" 
"vapply" "library.dynam" "loadNamespace" "namespaceImport" "loadNamespace" "asNamespace" "namespaceImportFrom" "loadNamespace" "namespaceImport" "loadNamespace" "asNamespace" "namespaceImportFrom" "loadNamespace" "doTryCatch" "tryCatchOne" "tryCatchList" "tryCatch" "requireNamespace" "withCallingHandlers" "suppressPackageStartupMessages" "doTryCatch" "tryCatchOne" "tryCatchList" "tryCatch" ".rs.getCompletionsNamespace" "<Anonymous>" 
"gzfile" "readRDS" "lazyLoadDBexec" "lazyLoad" "loadNamespace" "asNamespace" "namespaceImportFrom" "loadNamespace" "namespaceImport" "loadNamespace" "asNamespace" "namespaceImportFrom" "loadNamespace" "doTryCatch" "tryCatchOne" "tryCatchList" "tryCatch" "requireNamespace" "withCallingHandlers" "suppressPackageStartupMessages" "doTryCatch" "tryCatchOne" "tryCatchList" "tryCatch" ".rs.getCompletionsNamespace" "<Anonymous>" 
"importIntoEnv" "namespaceImportFrom" "namespaceImport" "loadNamespace" "asNamespace" "namespaceImportFrom" "loadNamespace" "asNamespace" "namespaceImportFrom" "loadNamespace" "namespaceImport" "loadNamespace" "asNamespace" "namespaceImportFrom" "loadNamespace" "doTryCatch" "tryCatchOne" "tryCatchList" "tryCatch" "requireNamespace" "withCallingHandlers" "suppressPackageStartupMessages" "doTryCatch" "tryCatchOne" "tryCatchList" "tryCatch" ".rs.getCompletionsNamespace" "<Anonymous>" 
".Call" "fun" "doTryCatch" "tryCatchOne" "tryCatchList" "tryCatch" "try" "runUserHook" "loadNamespace" "asNamespace" "namespaceImportFrom" "loadNamespace" "namespaceImport" "loadNamespace" "asNamespace" "namespaceImportFrom" "loadNamespace" "doTryCatch" "tryCatchOne" "tryCatchList" "tryCatch" "requireNamespace" "withCallingHandlers" "suppressPackageStartupMessages" "doTryCatch" "tryCatchOne" "tryCatchList" "tryCatch" ".rs.getCompletionsNamespace" "<Anonymous>" 
".Call" "fun" "doTryCatch" "tryCatchOne" "tryCatchList" "tryCatch" "try" "runUserHook" "loadNamespace" "asNamespace" "namespaceImportFrom" "loadNamespace" "doTryCatch" "tryCatchOne" "tryCatchList" "tryCatch" "requireNamespace" "withCallingHandlers" "suppressPackageStartupMessages" "doTryCatch" "tryCatchOne" "tryCatchList" "tryCatch" ".rs.getCompletionsNamespace" "<Anonymous>" 
"ls" "FUN" "lapply" ".rs.objectsOnSearchPath" ".rs.getCompletionsSearchPath" "Reduce" "<Anonymous>" 
".Call" ".rs.isRScriptInPackageBuildTarget" "<Anonymous>" 
"tolower" "nchar" ".rs.startsWith" ".rs.fuzzyMatches" ".rs.getCompletionsSearchPath" "Reduce" "<Anonymous>" 
".Call" ".rs.getKnitParamsForDocument" ".rs.injectKnitrParamsObject" "<Anonymous>" 
"names" "match" "checkConflicts" "attach" "attachNamespace" "doTryCatch" "tryCatchOne" "tryCatchList" "tryCatch" "try" "library" 
"ls" "FUN" "lapply" ".rs.objectsOnSearchPath" ".rs.getCompletionsSearchPath" "Reduce" "<Anonymous>" 
"lazyLoadDBfetch" "mget" "doTryCatch" "tryCatchOne" "tryCatchList" "tryCatch" ".rs.getHelpFromObject" ".rs.getHelpFunction" "<Anonymous>" 
"ls" "FUN" "lapply" ".rs.objectsOnSearchPath" ".rs.getCompletionsSearchPath" "Reduce" "<Anonymous>" 
"scan" "parse_log" "FromDataFrameTable" "prof.tree" 
"scan" "parse_log" "FromDataFrameTable" "prof.tree" 
"scan" "parse_log" "FromDataFrameTable" "prof.tree" 
"scan" "parse_log" "FromDataFrameTable" "prof.tree" 
"scan" "parse_log" "FromDataFrameTable" "prof.tree" 
"scan" "parse_log" "FromDataFrameTable" "prof.tree" 
"scan" "parse_log" "FromDataFrameTable" "prof.tree" 
"scan" "parse_log" "FromDataFrameTable" "prof.tree" 
"c" "CheckNameReservedWord" "<Anonymous>" "Node$new" "mynode$AddChild" "FromDataFrameTable" "prof.tree" 
"Climb" "FromDataFrameTable" "prof.tree" 
"Node$new" "mynode$AddChild" "FromDataFrameTable" "prof.tree" 
"Climb" "FromDataFrameTable" "prof.tree" 
"list2env" "list2env2" "Node$new" "mynode$AddChild" "FromDataFrameTable" "prof.tree" 
"get_envname" "fun" "Do" "tree$Do" "prof.tree" 
"$<-" "changeName" "<Anonymous>" "fun" "Do" "tree$Do" "prof.tree" 
"ls" "FUN" "lapply" ".rs.objectsOnSearchPath" ".rs.getCompletionsSearchPath" "Reduce" "<Anonymous>" 
".Call" ".rs.isRScriptInPackageBuildTarget" "<Anonymous>" 
"ls" "FUN" "lapply" ".rs.objectsOnSearchPath" ".rs.getCompletionsSearchPath" "Reduce" "<Anonymous>" 
"ls" "FUN" "lapply" ".rs.objectsOnSearchPath" ".rs.getCompletionsSearchPath" "Reduce" "<Anonymous>" 
"tolower" "nchar" ".rs.startsWith" ".rs.fuzzyMatches" ".rs.getCompletionsSearchPath" "Reduce" "<Anonymous>" 
"isLeaf" "<Anonymous>" "ifelse" "fun" "Do" "PrintPruneDist" "print.Node" "NextMethod" "print.ProfTree" "<Anonymous>" 
"Get" "Get" "order" "PrintPruneDist" "print.Node" "NextMethod" "print.ProfTree" "<Anonymous>" 
"formatC" "paste" "ifelse" "FormatPercent" "format" "GetAttribute" "FUN" "lapply" "sapply" "Get" "as.data.frame.Node" "as.data.frame" "ToDataFrameTree" "print.Node" "NextMethod" "print.ProfTree" "<Anonymous>" 
".Call" ".rs.getKnitParamsForDocument" ".rs.injectKnitrParamsObject" "<Anonymous>" 
"==" ".rs.getCompletionsSearchPath" "Reduce" "<Anonymous>" 
".Call" ".rs.finishExpression" "parse" "doTryCatch" "tryCatchOne" "tryCatchList" "tryCatch" "<Anonymous>" 
".Call" ".rs.getNAMESPACEImportedSymbols" ".rs.getCompletionsNAMESPACE" "Reduce" "<Anonymous>" 
"sub" ".rs.doStripSurrounding" ".rs.stripSurrounding" ".rs.getAnywhere" ".rs.resolveObjectFromFunctionCall" ".rs.getCompletionsArgument" ".rs.getCompletionsFunction" ".rs.appendCompletions" ".rs.getRCompletions" ".rs.appendCompletions" "<Anonymous>" 
"lazyLoadDBfetch" "get" "inherits" ".rs.getCompletionType" "doTryCatch" "tryCatchOne" "tryCatchList" "tryCatch" "FUN" "vapply" ".rs.getCompletionsSearchPath" "Reduce" "<Anonymous>" 
"ls" "FUN" "lapply" ".rs.objectsOnSearchPath" ".rs.getCompletionsSearchPath" "Reduce" "<Anonymous>" 
".Call" ".rs.scoreMatches" ".rs.sortCompletions" "<Anonymous>" 
"ls" "FUN" "lapply" ".rs.objectsOnSearchPath" ".rs.getCompletionsSearchPath" "Reduce" "<Anonymous>" 
"lazyLoadDBfetch" "get" "inherits" ".rs.getCompletionType" "doTryCatch" "tryCatchOne" "tryCatchList" "tryCatch" "FUN" "vapply" ".rs.getCompletionsSearchPath" "Reduce" "<Anonymous>" 
"tolower" "nchar" ".rs.startsWith" ".rs.fuzzyMatches" ".rs.getCompletionsSearchPath" "Reduce" "<Anonymous>" 
"lazyLoadDBfetch" "mget" "doTryCatch" "tryCatchOne" "tryCatchList" "tryCatch" ".rs.getHelpFromObject" ".rs.getHelpFunction" "<Anonymous>" 
"lazyLoadDBfetch" "mget" "doTryCatch" "tryCatchOne" "tryCatchList" "tryCatch" ".rs.getHelpFromObject" ".rs.getHelpFunction" "<Anonymous>" 
"lazyLoadDBfetch" "get" "doTryCatch" "tryCatchOne" "tryCatchList" "tryCatch" "FUN" "lapply" ".rs.getHelpFromObject" ".rs.getHelpFunction" "<Anonymous>" 
"asNamespace" "getExportedValue" "::" "do.call" "doTryCatch" "tryCatchOne" "tryCatchList" "tryCatch" ".rs.getHelpFromObject" ".rs.getHelpFunction" "<Anonymous>" 
"readRDS" "tools:::httpd" "withCallingHandlers" "suppressWarnings" ".rs.getHelp" ".rs.getHelpFromObject" ".rs.getHelpFunction" "<Anonymous>" 
"close.connection" "close" "Rd2HTML" "tools:::httpd" "withCallingHandlers" "suppressWarnings" ".rs.getHelp" ".rs.getHelpFromObject" ".rs.getHelpFunction" "<Anonymous>" 
".Call" ".rs.getKnitParamsForDocument" ".rs.injectKnitrParamsObject" "<Anonymous>" 
"sub" ".rs.doStripSurrounding" ".rs.stripSurrounding" ".rs.getAnywhere" ".rs.resolveObjectFromFunctionCall" ".rs.getCompletionsArgument" ".rs.getCompletionsFunction" ".rs.appendCompletions" ".rs.getRCompletions" ".rs.appendCompletions" "<Anonymous>" 
"tolower" "nchar" ".rs.startsWith" ".rs.fuzzyMatches" ".rs.getCompletionsSearchPath" "Reduce" "<Anonymous>" 
"ls" "FUN" "lapply" ".rs.objectsOnSearchPath" ".rs.getCompletionsSearchPath" "Reduce" "<Anonymous>" 
".Call" ".rs.isRScriptInPackageBuildTarget" "<Anonymous>" 
"ifelse" "fun" "Do" "PrintPruneDist" "print.Node" "NextMethod" "print.ProfTree" "print" 
"lapply" "sapply" "Get" "order" "PrintPruneDist" "print.Node" "NextMethod" "print.ProfTree" "print" 
"lapply" "unlist" "order" "[<-.data.frame" "[<-" "as.data.frame.Node" "as.data.frame" "ToDataFrameTree" "print.Node" "NextMethod" "print.ProfTree" "print" 
"Traverse" "Traverse" "Traverse" "Traverse" "Traverse" "Traverse" "Traverse" "Traverse" "Traverse" "Traverse" "PrintPruneDist" "print.Node" "NextMethod" "print.ProfTree" "print" 
"GetAttribute" "FUN" "lapply" "sapply" "Get" "Get" "order" "PrintPruneDist" "print.Node" "NextMethod" "print.ProfTree" "print" 
"Get" "as.data.frame.Node" "as.data.frame" "ToDataFrameTree" "print.Node" "NextMethod" "print.ProfTree" "print" 
".Call" ".rs.getKnitParamsForDocument" ".rs.injectKnitrParamsObject" "<Anonymous>" 
"tolower" "nchar" ".rs.startsWith" ".rs.fuzzyMatches" ".rs.getCompletionsSearchPath" "Reduce" "<Anonymous>" 
"fun" "Do" "PrintPruneDist" "print.Node" "NextMethod" "print.ProfTree" "print" 
"[[" "GetAttribute" "FUN" "lapply" "sapply" "Get" "Get" "order" "PrintPruneDist" "print.Node" "NextMethod" "print.ProfTree" "print" 
"GetAttribute" "FUN" "lapply" "sapply" "Get" "Get" "as.data.frame.Node" "as.data.frame" "ToDataFrameTree" "print.Node" "NextMethod" "print.ProfTree" "print" 
"$" "ifelse" "fun" "Do" "PrintPruneDist" "print.Node" "NextMethod" "print.ProfTree" "print" 
"<Anonymous>" "which" "<Anonymous>" "attribute" "GetAttribute" "FUN" "lapply" "sapply" "Get" "order" "PrintPruneDist" "print.Node" "NextMethod" "print.ProfTree" "print" 
"length" "unique" "setdiff" "node$clone" ".Clone" "FUN" "lapply" ".Clone" "FUN" "lapply" ".Clone" "FUN" "lapply" ".Clone" "Clone" "as.data.frame.Node" "as.data.frame" "ToDataFrameTree" "print.Node" "NextMethod" "print.ProfTree" "print" 
"<Anonymous>" "ifelse" "fun" "Do" "PrintPruneDist" "print.Node" "NextMethod" "print.ProfTree" "print" 
"which" "<Anonymous>" "attribute" "GetAttribute" "FUN" "lapply" "sapply" "Get" "order" "PrintPruneDist" "print.Node" "NextMethod" "print.ProfTree" "print" 
"$<-" ".Clone" "FUN" "lapply" ".Clone" "FUN" "lapply" ".Clone" "FUN" "lapply" ".Clone" "Clone" "as.data.frame.Node" "as.data.frame" "ToDataFrameTree" "print.Node" "NextMethod" "print.ProfTree" "print" 
"unique" "simplify2array" "sapply" "<Anonymous>" "FUN" "lapply" "sapply" "<Anonymous>" "FUN" "lapply" "sapply" "<Anonymous>" "FUN" "lapply" "sapply" "<Anonymous>" "PrintPruneDist" "print.Node" "NextMethod" "print.ProfTree" "print" 
"GetAttribute" "FUN" "lapply" "sapply" "Get" "Get" "order" "PrintPruneDist" "print.Node" "NextMethod" "print.ProfTree" "print" 
"vapply" "node$clone" ".Clone" "FUN" "lapply" ".Clone" "FUN" "lapply" ".Clone" "Clone" "as.data.frame.Node" "as.data.frame" "ToDataFrameTree" "print.Node" "NextMethod" "print.ProfTree" "print" 
".Call" ".rs.readUiPref" "isTRUE" ".rs.deparseFunction" "<Anonymous>" "browser" "eval" "eval" ".rs.breakOnError" "<Anonymous>" "pruneFun" ".Prune" "Prune" "as.data.frame.Node" "as.data.frame" "ToDataFrameTree" "print.Node" "NextMethod" "print.ProfTree" "print" 
".Call" ".rs.readUiPref" "isTRUE" ".rs.deparseFunction" "<Anonymous>" "browser" "eval" "eval" ".rs.breakOnError" "<Anonymous>" "pruneFun" ".Prune" "Prune" "as.data.frame.Node" "as.data.frame" "ToDataFrameTree" "print.Node" "NextMethod" "print.ProfTree" "print" 
".Call" ".rs.readUiPref" "isTRUE" ".rs.deparseFunction" "<Anonymous>" "browser" "eval" "eval" ".rs.breakOnError" "<Anonymous>" "pruneFun" ".Prune" "Prune" "as.data.frame.Node" "as.data.frame" "ToDataFrameTree" "print.Node" "NextMethod" "print.ProfTree" "print" 
"browser" "eval" "eval" ".rs.breakOnError" "<Anonymous>" "pruneFun" ".Prune" "Prune" "as.data.frame.Node" "as.data.frame" "ToDataFrameTree" "print.Node" "NextMethod" "print.ProfTree" "print" 
"browser" "eval" "eval" ".rs.breakOnError" "<Anonymous>" "pruneFun" ".Prune" "Prune" "as.data.frame.Node" "as.data.frame" "ToDataFrameTree" "print.Node" "NextMethod" "print.ProfTree" "print" 
"ls" "FUN" "lapply" ".rs.objectsOnSearchPath" ".rs.getCompletionsSearchPath" "Reduce" "<Anonymous>" "browser" "eval" "eval" ".rs.breakOnError" "<Anonymous>" "pruneFun" ".Prune" "Prune" "as.data.frame.Node" "as.data.frame" "ToDataFrameTree" "print.Node" "NextMethod" "print.ProfTree" "print" 
"browser" "eval" "eval" ".rs.breakOnError" "<Anonymous>" "pruneFun" ".Prune" "Prune" "as.data.frame.Node" "as.data.frame" "ToDataFrameTree" "print.Node" "NextMethod" "print.ProfTree" "print" 
"browser" "eval" "eval" ".rs.breakOnError" "<Anonymous>" "pruneFun" ".Prune" "Prune" "as.data.frame.Node" "as.data.frame" "ToDataFrameTree" "print.Node" "NextMethod" "print.ProfTree" "print" 
".Call" ".rs.getNAMESPACEImportedSymbols" ".rs.getCompletionsNAMESPACE" "Reduce" "<Anonymous>" "browser" "eval" "eval" ".rs.breakOnError" "<Anonymous>" "pruneFun" ".Prune" "Prune" "as.data.frame.Node" "as.data.frame" "ToDataFrameTree" "print.Node" "NextMethod" "print.ProfTree" "print" 
"str" "<Anonymous>" "do.call" "strSub" "str.default" "str" "<Anonymous>" "do.call" "strSub" "str.default" "str" "<Anonymous>" "do.call" "strSub" "str.default" "str" "doTryCatch" "tryCatchOne" "tryCatchList" "tryCatch" "try" "eval" "eval" "withVisible" "evalVis" "capture.output" "eval" "doTryCatch" "tryCatchOne" "tryCatchList" "tryCatch" ".rs.withTimeLimit" ".rs.valueFromStr" "doTryCatch" "tryCatchOne" "tryCatchList" "tryCatch" ".rs.valueContents" "<Anonymous>" 
"%in%" ".findInheritedMethods" "<Anonymous>" "[[" "FUN" "lapply" "sapply" "str.default" "str" "<Anonymous>" "do.call" "strSub" "str.default" "str" "<Anonymous>" "do.call" "strSub" "str.default" "str" "<Anonymous>" "do.call" "strSub" "str.default" "str" "doTryCatch" "tryCatchOne" "tryCatchList" "tryCatch" "try" "eval" "eval" "withVisible" "evalVis" "capture.output" "eval" "doTryCatch" "tryCatchOne" "tryCatchList" "tryCatch" ".rs.withTimeLimit" ".rs.valueFromStr" "doTryCatch" "tryCatchOne" "tryCatchList" "tryCatch" ".rs.valueContents" "<Anonymous>" 
"lapply" "do.call" "strSub" "str.default" "str" "<Anonymous>" "do.call" "strSub" "str.default" "str" "<Anonymous>" "do.call" "strSub" "str.default" "str" "<Anonymous>" "do.call" "strSub" "str.default" "str" "doTryCatch" "tryCatchOne" "tryCatchList" "tryCatch" "try" "eval" "eval" "withVisible" "evalVis" "capture.output" "eval" "doTryCatch" "tryCatchOne" "tryCatchList" "tryCatch" ".rs.withTimeLimit" ".rs.valueFromStr" "doTryCatch" "tryCatchOne" "tryCatchList" "tryCatch" ".rs.valueContents" "<Anonymous>" 
"eval" "FUN" "lapply" "strSub" "str.default" "str" "<Anonymous>" "do.call" "strSub" "str.default" "str" "<Anonymous>" "do.call" "strSub" "str.default" "str" "<Anonymous>" "do.call" "strSub" "str.default" "str" "<Anonymous>" "do.call" "strSub" "str.default" "str" "<Anonymous>" "do.call" "strSub" "str.default" "str" "<Anonymous>" "do.call" "strSub" "str.default" "str" "<Anonymous>" "do.call" "strSub" "str.default" "str" "<Anonymous>" "do.call" "strSub" "str.default" "str" "<Anonymous>" "do.call" "strSub" "str.default" "str" "<Anonymous>" "do.call" "strSub" "str.default" "str" "doTryCatch" "tryCatchOne" "tryCatchList" "tryCatch" "try" "eval" "eval" "withVisible" "evalVis" "capture.output" "eval" "doTryCatch" "tryCatchOne" "tryCatchList" "tryCatch" ".rs.withTimeLimit" ".rs.valueFromStr" "doTryCatch" "tryCatchOne" "tryCatchList" "tryCatch" ".rs.valueContents" "<Anonymous>" 
"get0" "getExportedValue" "::" "str.default" "str" "<Anonymous>" "do.call" "strSub" "str.default" "str" "<Anonymous>" "do.call" "strSub" "str.default" "str" "<Anonymous>" "do.call" "strSub" "str.default" "str" "<Anonymous>" "do.call" "strSub" "str.default" "str" "<Anonymous>" "do.call" "strSub" "str.default" "str" "<Anonymous>" "do.call" "strSub" "str.default" "str" "<Anonymous>" "do.call" "strSub" "str.default" "str" "<Anonymous>" "do.call" "strSub" "str.default" "str" "<Anonymous>" "do.call" "strSub" "str.default" "str" "<Anonymous>" "do.call" "strSub" "str.default" "str" "<Anonymous>" "do.call" "strSub" "str.default" "str" "doTryCatch" "tryCatchOne" "tryCatchList" "tryCatch" "try" "eval" "eval" "withVisible" "evalVis" "capture.output" "eval" "doTryCatch" "tryCatchOne" "tryCatchList" "tryCatch" ".rs.withTimeLimit" ".rs.valueFromStr" "doTryCatch" "tryCatchOne" "tryCatchList" "tryCatch" ".rs.valueContents" "<Anonymous>" 
"lapply" "strSub" "str.default" "str" "<Anonymous>" "do.call" "strSub" "str.default" "str" "<Anonymous>" "do.call" "strSub" "str.default" "str" "<Anonymous>" "do.call" "strSub" "str.default" "str" "<Anonymous>" "do.call" "strSub" "str.default" "str" "<Anonymous>" "do.call" "strSub" "str.default" "str" "<Anonymous>" "do.call" "strSub" "str.default" "str" "<Anonymous>" "do.call" "strSub" "str.default" "str" "doTryCatch" "tryCatchOne" "tryCatchList" "tryCatch" "try" "eval" "eval" "withVisible" "evalVis" "capture.output" "eval" "doTryCatch" "tryCatchOne" "tryCatchList" "tryCatch" ".rs.withTimeLimit" ".rs.valueFromStr" "doTryCatch" "tryCatchOne" "tryCatchList" "tryCatch" ".rs.valueContents" "<Anonymous>" 
"setTimeLimit" ".rs.withTimeLimit" ".rs.valueFromStr" "doTryCatch" "tryCatchOne" "tryCatchList" "tryCatch" ".rs.valueContents" "<Anonymous>" 
"paste" "do.call" "strSub" "str.default" "str" "<Anonymous>" "do.call" "strSub" "str.default" "str" "<Anonymous>" "do.call" "strSub" "str.default" "str" "<Anonymous>" "do.call" "strSub" "str.default" "str" "<Anonymous>" "do.call" "strSub" "str.default" "str" "doTryCatch" "tryCatchOne" "tryCatchList" "tryCatch" "try" "eval" "eval" "withVisible" "evalVis" "capture.output" "eval" "doTryCatch" "tryCatchOne" "tryCatchList" "tryCatch" ".rs.withTimeLimit" ".rs.valueFromStr" "doTryCatch" "tryCatchOne" "tryCatchList" "tryCatch" ".rs.valueContents" "<Anonymous>" 
"as.list" "strSub" "str.default" "str" "<Anonymous>" "do.call" "strSub" "str.default" "str" "<Anonymous>" "do.call" "strSub" "str.default" "str" "<Anonymous>" "do.call" "strSub" "str.default" "str" "<Anonymous>" "do.call" "strSub" "str.default" "str" "doTryCatch" "tryCatchOne" "tryCatchList" "tryCatch" "try" "eval" "eval" "withVisible" "evalVis" "capture.output" "eval" "doTryCatch" "tryCatchOne" "tryCatchList" "tryCatch" ".rs.withTimeLimit" ".rs.valueFromStr" "doTryCatch" "tryCatchOne" "tryCatchList" "tryCatch" ".rs.valueContents" "<Anonymous>" 
"eval" "FUN" "lapply" "strSub" "str.default" "str" "<Anonymous>" "do.call" "strSub" "str.default" "str" "<Anonymous>" "do.call" "strSub" "str.default" "str" "<Anonymous>" "do.call" "strSub" "str.default" "str" "doTryCatch" "tryCatchOne" "tryCatchList" "tryCatch" "try" "eval" "eval" "withVisible" "evalVis" "capture.output" "eval" "doTryCatch" "tryCatchOne" "tryCatchList" "tryCatch" ".rs.withTimeLimit" ".rs.valueFromStr" "doTryCatch" "tryCatchOne" "tryCatchList" "tryCatch" ".rs.valueContents" "<Anonymous>" 
"str.default" "str" "<Anonymous>" "do.call" "strSub" "str.default" "str" "<Anonymous>" "do.call" "strSub" "str.default" "str" "<Anonymous>" "do.call" "strSub" "str.default" "str" "<Anonymous>" "do.call" "strSub" "str.default" "str" "<Anonymous>" "do.call" "strSub" "str.default" "str" "<Anonymous>" "do.call" "strSub" "str.default" "str" "<Anonymous>" "do.call" "strSub" "str.default" "str" "<Anonymous>" "do.call" "strSub" "str.default" "str" "<Anonymous>" "do.call" "strSub" "str.default" "str" "<Anonymous>" "do.call" "strSub" "str.default" "str" "<Anonymous>" "do.call" "strSub" "str.default" "str" "doTryCatch" "tryCatchOne" "tryCatchList" "tryCatch" "try" "eval" "eval" "withVisible" "evalVis" "capture.output" "eval" "doTryCatch" "tryCatchOne" "tryCatchList" "tryCatch" ".rs.withTimeLimit" ".rs.valueFromStr" "doTryCatch" "tryCatchOne" "tryCatchList" "tryCatch" ".rs.valueContents" "<Anonymous>" 
"str.default" "str" "<Anonymous>" "do.call" "strSub" "str.default" "str" "<Anonymous>" "do.call" "strSub" "str.default" "str" "<Anonymous>" "do.call" "strSub" "str.default" "str" "<Anonymous>" "do.call" "strSub" "str.default" "str" "<Anonymous>" "do.call" "strSub" "str.default" "str" "<Anonymous>" "do.call" "strSub" "str.default" "str" "<Anonymous>" "do.call" "strSub" "str.default" "str" "<Anonymous>" "do.call" "strSub" "str.default" "str" "<Anonymous>" "do.call" "strSub" "str.default" "str" "<Anonymous>" "do.call" "strSub" "str.default" "str" "<Anonymous>" "do.call" "strSub" "str.default" "str" "doTryCatch" "tryCatchOne" "tryCatchList" "tryCatch" "try" "eval" "eval" "withVisible" "evalVis" "capture.output" "eval" "doTryCatch" "tryCatchOne" "tryCatchList" "tryCatch" ".rs.withTimeLimit" ".rs.valueFromStr" "doTryCatch" "tryCatchOne" "tryCatchList" "tryCatch" ".rs.valueContents" "<Anonymous>" 
"lapply" "do.call" "strSub" "str.default" "str" "<Anonymous>" "do.call" "strSub" "str.default" "str" "<Anonymous>" "do.call" "strSub" "str.default" "str" "<Anonymous>" "do.call" "strSub" "str.default" "str" "<Anonymous>" "do.call" "strSub" "str.default" "str" "<Anonymous>" "do.call" "strSub" "str.default" "str" "<Anonymous>" "do.call" "strSub" "str.default" "str" "<Anonymous>" "do.call" "strSub" "str.default" "str" "doTryCatch" "tryCatchOne" "tryCatchList" "tryCatch" "try" "eval" "eval" "withVisible" "evalVis" "capture.output" "eval" "doTryCatch" "tryCatchOne" "tryCatchList" "tryCatch" ".rs.withTimeLimit" ".rs.valueFromStr" "doTryCatch" "tryCatchOne" "tryCatchList" "tryCatch" ".rs.valueContents" "<Anonymous>" 
"lapply" "strSub" "str.default" "str" "doTryCatch" "tryCatchOne" "tryCatchList" "tryCatch" "try" "eval" "eval" "withVisible" "evalVis" "capture.output" "eval" "doTryCatch" "tryCatchOne" "tryCatchList" "tryCatch" ".rs.withTimeLimit" ".rs.valueFromStr" "doTryCatch" "tryCatchOne" "tryCatchList" "tryCatch" ".rs.valueContents" "<Anonymous>" 
"GetAttribute" "FUN" "lapply" "sapply" "Get" "order" "PrintPruneDist" "print.Node" "NextMethod" "print.ProfTree" "print" 
"as.name" "FUN" "vapply" "node$clone" ".Clone" "Clone" "PrintPruneDist" "print.Node" "NextMethod" "print.ProfTree" "print" 
"FUN" "lapply" "assign_func_envs" "node$clone" ".Clone" "FUN" "lapply" ".Clone" "FUN" "lapply" ".Clone" "Clone" "PrintPruneDist" "print.Node" "NextMethod" "print.ProfTree" "print" 
"makeActiveBinding" "node$clone" ".Clone" "FUN" "lapply" ".Clone" "FUN" "lapply" ".Clone" "Clone" "as.data.frame.Node" "as.data.frame" "ToDataFrameTree" "print.Node" "NextMethod" "print.ProfTree" "print" 
"$" "ifelse" "fun" "Do" "PrintPruneDist" "print.Node" "NextMethod" "print.ProfTree" "print" 
"<Anonymous>" "which" "<Anonymous>" "attribute" "GetAttribute" "FUN" "lapply" "sapply" "Get" "order" "PrintPruneDist" "print.Node" "NextMethod" "print.ProfTree" "print" 
".Prune" ".Prune" "Prune" "as.data.frame.Node" "as.data.frame" "ToDataFrameTree" "print.Node" "NextMethod" "print.ProfTree" "print" 
"close.connection" "close" "readRDS" "FUN" "lapply" "find.package" "index.search" "help" "eval" "eval" "?" 
"readRDS" "FUN" "lapply" "find.package" "index.search" "help" "eval" "eval" "?" 
"file.exists" "index.search" "help" "eval" "eval" "?" 
"file.exists" "index.search" "help" "eval" "eval" "?" 
".Call" ".rs.finishExpression" "parse" "doTryCatch" "tryCatchOne" "tryCatchList" "tryCatch" "<Anonymous>" 
"close.connection" "close" "readRDS" "FUN" "lapply" "find.package" "index.search" "utils::help" ".rs.getHelp" "<Anonymous>" 
"close.connection" "close" "readRDS" "index.search" "utils::help" ".rs.getHelp" "<Anonymous>" 
"writeLines" "writeLinesUTF8" "of0" "Rd2HTML" "tools:::httpd" "withCallingHandlers" "suppressWarnings" ".rs.getHelp" "<Anonymous>" 
"addParaBreaks" "writeLines" "writeLinesUTF8" "of1" "writeBlock" "writeContent" "writeContent" "writeSection" "Rd2HTML" "tools:::httpd" "withCallingHandlers" "suppressWarnings" ".rs.getHelp" "<Anonymous>" 
"file.exists" "find.package" "index.search" "utils::help" ".rs.getHelp" "<Anonymous>" 
"close.connection" "close" "readRDS" "tools:::httpd" "withCallingHandlers" "suppressWarnings" ".rs.getHelp" "<Anonymous>" 
"writeLines" "writeLinesUTF8" "of1" "writeBlock" "writeContent" "writeSection" "Rd2HTML" "tools:::httpd" "withCallingHandlers" "suppressWarnings" ".rs.getHelp" "<Anonymous>" 
"close.connection" "close" "readRDS" "FUN" "lapply" "find.package" "index.search" "utils::help" ".rs.getHelp" "<Anonymous>" 
"file.info" "file_test" ".read_description" "Rd2HTML" "tools:::httpd" "withCallingHandlers" "suppressWarnings" ".rs.getHelp" "<Anonymous>" 
"close.connection" "close" "readRDS" "FUN" "lapply" "find.package" "index.search" "help" "eval" "eval" "?" 
"close.connection" "close" "readRDS" "index.search" "help" "eval" "eval" "?" 
"c" "Traverse" "Traverse" "Traverse" "Traverse" "PrintPruneDist" "print.Node" "NextMethod" "print.ProfTree" "print" 
"makeActiveBinding" "node$clone" ".Clone" "FUN" "lapply" ".Clone" "FUN" "lapply" ".Clone" "Clone" "PrintPruneDist" "print.Node" "NextMethod" "print.ProfTree" "print" 
"match.fun" "sapply" "<Anonymous>" "FUN" "lapply" "sapply" "<Anonymous>" "FUN" "lapply" "sapply" "<Anonymous>" "FUN" "lapply" "sapply" "<Anonymous>" "FUN" "lapply" "sapply" "<Anonymous>" "PrintPruneDist" "print.Node" "NextMethod" "print.ProfTree" "print" 
"==" "which" "<Anonymous>" "attribute" "GetAttribute" "FUN" "lapply" "sapply" "Get" "order" "PrintPruneDist" "print.Node" "NextMethod" "print.ProfTree" "print" 
"match" "unique" "setdiff" "node$clone" ".Clone" "FUN" "lapply" ".Clone" "FUN" "lapply" ".Clone" "FUN" "lapply" ".Clone" "Clone" "as.data.frame.Node" "as.data.frame" "ToDataFrameTree" "print.Node" "NextMethod" "print.ProfTree" "print" 
"ls" "FUN" "lapply" ".rs.objectsOnSearchPath" ".rs.getCompletionsSearchPath" "Reduce" "<Anonymous>" 
"getwd" "srcfilecopy" "parse" "withCallingHandlers" "suppressWarnings" "doTryCatch" "tryCatchOne" "tryCatchList" "tryCatch" ".rs.getAnywhere" ".rs.resolveObjectFromFunctionCall" ".rs.getCompletionsFunction" ".rs.appendCompletions" ".rs.getRCompletions" ".rs.appendCompletions" "<Anonymous>" 
".Call" ".rs.getNAMESPACEImportedSymbols" ".rs.getCompletionsNAMESPACE" "Reduce" "<Anonymous>" 
"getClassDef" "is" "Do" "PrintPruneDist" "print.Node" "NextMethod" "print.ProfTree" "print" 
"FUN" "vapply" "node$clone" ".Clone" "FUN" "lapply" ".Clone" "FUN" "lapply" ".Clone" "Clone" "PrintPruneDist" "print.Node" "NextMethod" "print.ProfTree" "print" 
"$<-" "fun" "Do" "PrintPruneDist" "print.Node" "NextMethod" "print.ProfTree" "print" 
"lapply" "assign_func_envs" "node$clone" ".Clone" "FUN" "lapply" ".Clone" "FUN" "lapply" ".Clone" "Clone" "PrintPruneDist" "print.Node" "NextMethod" "print.ProfTree" "print" 
"unique" "simplify2array" "sapply" "ifelse" "fun" "Do" "PrintPruneDist" "print.Node" "NextMethod" "print.ProfTree" "print" 
"lapply" "sapply" ".Clone" "FUN" "lapply" ".Clone" "Clone" "PrintPruneDist" "print.Node" "NextMethod" "print.ProfTree" "print" 
"node$clone" ".Clone" "FUN" "lapply" ".Clone" "FUN" "lapply" ".Clone" "FUN" "lapply" ".Clone" "Clone" "as.data.frame.Node" "as.data.frame" "ToDataFrameTree" "print.Node" "NextMethod" "print.ProfTree" "print" 
"lapply" "sapply" "ifelse" "fun" "Do" "PrintPruneDist" "print.Node" "NextMethod" "print.ProfTree" "print" 
"which" "<Anonymous>" "attribute" "GetAttribute" "FUN" "lapply" "sapply" "Get" "order" "PrintPruneDist" "print.Node" "NextMethod" "print.ProfTree" "print" 
"match.fun" "lapply" "assign_func_envs" "node$clone" ".Clone" "FUN" "lapply" ".Clone" "FUN" "lapply" ".Clone" "FUN" "lapply" ".Clone" "Clone" "as.data.frame.Node" "as.data.frame" "ToDataFrameTree" "print.Node" "NextMethod" "print.ProfTree" "print" 
"isLeaf" "<Anonymous>" "ifelse" "fun" "Do" "PrintPruneDist" "print.Node" "NextMethod" "print.ProfTree" "print" 
"<Anonymous>" "GetAttribute" "FUN" "lapply" "sapply" "Get" "Get" "order" "PrintPruneDist" "print.Node" "NextMethod" "print.ProfTree" "print" 
"isTRUE" "getClassDef" "is" "<Anonymous>" ".Clone" "FUN" "lapply" ".Clone" "Clone" "as.data.frame.Node" "as.data.frame" "ToDataFrameTree" "print.Node" "NextM